<?xml version="1.0" encoding="UTF-8"?>
<testng-results skipped="0" failed="0" total="8" passed="8">
  <reporter-output>
  </reporter-output>
  <suite name="Default suite" duration-ms="49346" started-at="2022-01-26T19:10:57Z" finished-at="2022-01-26T19:11:47Z">
    <groups>
      <group name="cucumber">
        <method signature="AbstractTestNGCucumberTests.runScenario(io.cucumber.testng.PickleWrapper, io.cucumber.testng.FeatureWrapper)[pri:0, instance:com.testrunner.TestRunner@5700d6b1]" name="runScenario" class="io.cucumber.testng.AbstractTestNGCucumberTests"/>
      </group> <!-- cucumber -->
    </groups>
    <test name="Default test" duration-ms="49346" started-at="2022-01-26T19:10:57Z" finished-at="2022-01-26T19:11:47Z">
      <class name="com.testrunner.TestRunner">
        <test-method status="PASS" signature="setUpClass()[pri:0, instance:com.testrunner.TestRunner@5700d6b1]" name="setUpClass" is-config="true" duration-ms="533" started-at="2022-01-27T03:10:57Z" finished-at="2022-01-27T03:10:58Z">
          <reporter-output>
          </reporter-output>
        </test-method> <!-- setUpClass -->
        <test-method status="PASS" signature="runScenario(io.cucumber.testng.PickleWrapper, io.cucumber.testng.FeatureWrapper)[pri:0, instance:com.testrunner.TestRunner@5700d6b1]" name="runScenario" duration-ms="9348" started-at="2022-01-27T03:10:58Z" description="Runs Cucumber Scenarios" data-provider="scenarios" finished-at="2022-01-27T03:11:07Z">
          <params>
            <param index="0">
              <value>
                <![CDATA["Verify Active filter shows all the todo list tasks when nothing is set to completed"]]>
              </value>
            </param>
            <param index="1">
              <value>
                <![CDATA["Optional[Manage To do List]"]]>
              </value>
            </param>
          </params>
          <reporter-output>
          </reporter-output>
        </test-method> <!-- runScenario -->
        <test-method status="PASS" signature="runScenario(io.cucumber.testng.PickleWrapper, io.cucumber.testng.FeatureWrapper)[pri:0, instance:com.testrunner.TestRunner@5700d6b1]" name="runScenario" duration-ms="5936" started-at="2022-01-27T03:11:07Z" description="Runs Cucumber Scenarios" data-provider="scenarios" finished-at="2022-01-27T03:11:13Z">
          <params>
            <param index="0">
              <value>
                <![CDATA["Verify the completed filter functionality when tasks are set to completed"]]>
              </value>
            </param>
            <param index="1">
              <value>
                <![CDATA["Optional[Manage To do List]"]]>
              </value>
            </param>
          </params>
          <reporter-output>
          </reporter-output>
        </test-method> <!-- runScenario -->
        <test-method status="PASS" signature="runScenario(io.cucumber.testng.PickleWrapper, io.cucumber.testng.FeatureWrapper)[pri:0, instance:com.testrunner.TestRunner@5700d6b1]" name="runScenario" duration-ms="5352" started-at="2022-01-27T03:11:13Z" description="Runs Cucumber Scenarios" data-provider="scenarios" finished-at="2022-01-27T03:11:19Z">
          <params>
            <param index="0">
              <value>
                <![CDATA["Validate the clear completed filter functionality"]]>
              </value>
            </param>
            <param index="1">
              <value>
                <![CDATA["Optional[Manage To do List]"]]>
              </value>
            </param>
          </params>
          <reporter-output>
          </reporter-output>
        </test-method> <!-- runScenario -->
        <test-method status="PASS" signature="runScenario(io.cucumber.testng.PickleWrapper, io.cucumber.testng.FeatureWrapper)[pri:0, instance:com.testrunner.TestRunner@5700d6b1]" name="runScenario" duration-ms="5413" started-at="2022-01-27T03:11:19Z" description="Runs Cucumber Scenarios" data-provider="scenarios" finished-at="2022-01-27T03:11:24Z">
          <params>
            <param index="0">
              <value>
                <![CDATA["Validate the All filter functionality"]]>
              </value>
            </param>
            <param index="1">
              <value>
                <![CDATA["Optional[Manage To do List]"]]>
              </value>
            </param>
          </params>
          <reporter-output>
          </reporter-output>
        </test-method> <!-- runScenario -->
        <test-method status="PASS" signature="runScenario(io.cucumber.testng.PickleWrapper, io.cucumber.testng.FeatureWrapper)[pri:0, instance:com.testrunner.TestRunner@5700d6b1]" name="runScenario" duration-ms="5880" started-at="2022-01-27T03:11:24Z" description="Runs Cucumber Scenarios" data-provider="scenarios" finished-at="2022-01-27T03:11:30Z">
          <params>
            <param index="0">
              <value>
                <![CDATA["Validate list summary count for All and Active filter tasks"]]>
              </value>
            </param>
            <param index="1">
              <value>
                <![CDATA["Optional[Manage To do List]"]]>
              </value>
            </param>
          </params>
          <reporter-output>
          </reporter-output>
        </test-method> <!-- runScenario -->
        <test-method status="PASS" signature="runScenario(io.cucumber.testng.PickleWrapper, io.cucumber.testng.FeatureWrapper)[pri:0, instance:com.testrunner.TestRunner@5700d6b1]" name="runScenario" duration-ms="5879" started-at="2022-01-27T03:11:30Z" description="Runs Cucumber Scenarios" data-provider="scenarios" finished-at="2022-01-27T03:11:36Z">
          <params>
            <param index="0">
              <value>
                <![CDATA["Validate list summary count for All and Active filter tasks"]]>
              </value>
            </param>
            <param index="1">
              <value>
                <![CDATA["Optional[Manage To do List]"]]>
              </value>
            </param>
          </params>
          <reporter-output>
          </reporter-output>
        </test-method> <!-- runScenario -->
        <test-method status="PASS" signature="runScenario(io.cucumber.testng.PickleWrapper, io.cucumber.testng.FeatureWrapper)[pri:0, instance:com.testrunner.TestRunner@5700d6b1]" name="runScenario" duration-ms="6518" started-at="2022-01-27T03:11:36Z" description="Runs Cucumber Scenarios" data-provider="scenarios" finished-at="2022-01-27T03:11:42Z">
          <params>
            <param index="0">
              <value>
                <![CDATA["Validate task completed toggle functionality"]]>
              </value>
            </param>
            <param index="1">
              <value>
                <![CDATA["Optional[Manage To do List]"]]>
              </value>
            </param>
          </params>
          <reporter-output>
          </reporter-output>
        </test-method> <!-- runScenario -->
        <test-method status="PASS" signature="runScenario(io.cucumber.testng.PickleWrapper, io.cucumber.testng.FeatureWrapper)[pri:0, instance:com.testrunner.TestRunner@5700d6b1]" name="runScenario" duration-ms="4435" started-at="2022-01-27T03:11:42Z" description="Runs Cucumber Scenarios" data-provider="scenarios" finished-at="2022-01-27T03:11:47Z">
          <params>
            <param index="0">
              <value>
                <![CDATA["Validate edit task functionality"]]>
              </value>
            </param>
            <param index="1">
              <value>
                <![CDATA["Optional[Manage To do List]"]]>
              </value>
            </param>
          </params>
          <reporter-output>
          </reporter-output>
        </test-method> <!-- runScenario -->
        <test-method status="PASS" signature="tearDownClass()[pri:0, instance:com.testrunner.TestRunner@5700d6b1]" name="tearDownClass" is-config="true" duration-ms="20" started-at="2022-01-27T03:11:47Z" finished-at="2022-01-27T03:11:47Z">
          <reporter-output>
          </reporter-output>
        </test-method> <!-- tearDownClass -->
      </class> <!-- com.testrunner.TestRunner -->
    </test> <!-- Default test -->
  </suite> <!-- Default suite -->
</testng-results>
